\BOOKMARK [0][]{chapter.1}{1 Einleitung}{}% 1
\BOOKMARK [0][]{chapter.2}{2 Hintergrund}{}% 2
\BOOKMARK [1][]{section.2.1}{2.1 Kontextzentrische soziale Netze}{chapter.2}% 3
\BOOKMARK [1][]{section.2.2}{2.2 Bloom-Filter}{chapter.2}% 4
\BOOKMARK [2][]{subsection.2.2.1}{2.2.1 Distanzma\337e}{section.2.2}% 5
\BOOKMARK [2][]{subsection.2.2.2}{2.2.2 Teil- und Obermengenbeziehung}{section.2.2}% 6
\BOOKMARK [2][]{subsection.2.2.3}{2.2.3 Hashfunktionen}{section.2.2}% 7
\BOOKMARK [2][]{subsection.2.2.4}{2.2.4 Bloom-Filter-Varianten und Anwendungen}{section.2.2}% 8
\BOOKMARK [1][]{section.2.3}{2.3 Indexstrukturen}{chapter.2}% 9
\BOOKMARK [2][]{subsection.2.3.1}{2.3.1 B-B\344ume}{section.2.3}% 10
\BOOKMARK [2][]{subsection.2.3.2}{2.3.2 B+-B\344ume}{section.2.3}% 11
\BOOKMARK [0][]{chapter.3}{3 Verwandte Themen}{}% 12
\BOOKMARK [1][]{section.3.1}{3.1 Implementierung von Bloom-Filtern}{chapter.3}% 13
\BOOKMARK [1][]{section.3.2}{3.2 Netzwerkanwendungen mit Bloom-Filtern}{chapter.3}% 14
\BOOKMARK [1][]{section.3.3}{3.3 Indexstrukturen f\374r Bloom-Filter}{chapter.3}% 15
\BOOKMARK [1][]{section.3.4}{3.4 k-n\344chste-Nachbarn-Suche}{chapter.3}% 16
\BOOKMARK [0][]{chapter.4}{4 Implementierung}{}% 17
\BOOKMARK [1][]{section.4.1}{4.1 BloomFilterTree}{chapter.4}% 18
\BOOKMARK [2][]{subsection.4.1.1}{4.1.1 Aufbau}{section.4.1}% 19
\BOOKMARK [2][]{subsection.4.1.2}{4.1.2 Umsetzung}{section.4.1}% 20
\BOOKMARK [2][]{subsection.4.1.3}{4.1.3 Einf\374gen}{section.4.1}% 21
\BOOKMARK [2][]{subsection.4.1.4}{4.1.4 k-n\344chste-Nachbarn-Suche}{section.4.1}% 22
\BOOKMARK [1][]{section.4.2}{4.2 Alternative Ans\344tze}{chapter.4}% 23
\BOOKMARK [0][]{chapter.5}{5 Evaluation}{}% 24
\BOOKMARK [1][]{section.5.1}{5.1 Datensatz}{chapter.5}% 25
\BOOKMARK [1][]{section.5.2}{5.2 Versuchsaufbau}{chapter.5}% 26
\BOOKMARK [1][]{section.5.3}{5.3 Ergebnisse}{chapter.5}% 27
\BOOKMARK [1][]{section.5.4}{5.4 Interpretation}{chapter.5}% 28
\BOOKMARK [0][]{chapter.6}{6 Zusammenfassung und Ausblick}{}% 29
\BOOKMARK [0][]{appendix.A}{A Anhang}{}% 30
\BOOKMARK [0][]{appendix*.44}{Abbildungsverzeichnis}{}% 31
\BOOKMARK [0][]{appendix*.45}{Literaturverzeichnis}{}% 32
